This is pdfTeX, Version 3.14159265-2.6-1.40.19 (MiKTeX 2.9.6800 64-bit) (preloaded format=pdflatex 2018.10.3)  4 OCT 2018 12:07
entering extended mode
**./Template_-_Monografia_-_IFSP_-_SBV.tex
(Template_-_Monografia_-_IFSP_-_SBV.tex
LaTeX2e <2018-04-01> patch level 5

("C:\Users\Victor Hugo\AppData\Local\Programs\MiKTeX 2.9\tex\latex\abntex2\abnt
ex2.cls"
Document Class: abntex2 2016/02/26 v-1.9.6 abnTeX2

("C:\Users\Victor Hugo\AppData\Local\Programs\MiKTeX 2.9\tex\latex\base\ifthen.
sty"
Package: ifthen 2014/09/29 v1.1c Standard LaTeX ifthen package (DPC)
)
("C:\Users\Victor Hugo\AppData\Local\Programs\MiKTeX 2.9\tex\latex\memoir\memoi
r.cls"
Document Class: memoir 2018/04/04 v3.7g configurable book, report, article docu
ment class
\onelineskip=\skip41
\lxvchars=\skip42
\xlvchars=\skip43
\@memcnta=\count80
\c@@memmarkcntra=\count81

("C:\Users\Victor Hugo\AppData\Local\Programs\MiKTeX 2.9\tex\generic\oberdiek\i
fpdf.sty"
Package: ifpdf 2017/03/15 v3.2 Provides the ifpdf switch
)
("C:\Users\Victor Hugo\AppData\Local\Programs\MiKTeX 2.9\tex\latex\ifetex\ifete
x.sty"
Package: ifetex 2018/03/31 v1.2a ifetex

("C:\Users\Victor Hugo\AppData\Local\Programs\MiKTeX 2.9\tex\plain\ifetex\ifete
x.tex"))
("C:\Users\Victor Hugo\AppData\Local\Programs\MiKTeX 2.9\tex\generic\ifxetex\if
xetex.sty"
Package: ifxetex 2010/09/12 v0.6 Provides ifxetex conditional
)
("C:\Users\Victor Hugo\AppData\Local\Programs\MiKTeX 2.9\tex\generic\oberdiek\i
fluatex.sty"
Package: ifluatex 2016/05/16 v1.4 Provides the ifluatex switch (HO)
Package ifluatex Info: LuaTeX not detected.
)
\stockheight=\skip44
\stockwidth=\skip45
\trimtop=\skip46
\trimedge=\skip47

("C:\Users\Victor Hugo\AppData\Local\Programs\MiKTeX 2.9\tex\latex\memoir\mem12
.clo"
File: mem12.clo 2010/10/19 v0.4b memoir class 12pt size option
)
\binding=\skip48
\spinemargin=\skip49
\foremargin=\skip50
\uppermargin=\skip51
\lowermargin=\skip52
\headdrop=\skip53
\normalrulethickness=\skip54
\mem@maxheadheight=\skip55
\mem@maxfootheight=\skip56
\headwidth=\skip57
\c@storedpagenumber=\count82
\memPD=\dimen102
\m@mabparskip=\skip58
\thanksmarkwidth=\skip59
\thanksmarksep=\skip60
\droptitle=\skip61
\c@book=\count83
\c@part=\count84
\c@chapter=\count85
\c@section=\count86
\c@subsection=\count87
\c@subsubsection=\count88
\c@paragraph=\count89
\c@subparagraph=\count90
\beforechapskip=\skip62
\midchapskip=\skip63
\afterchapskip=\skip64
\chapindent=\skip65
\bottomsectionskip=\skip66
\secindent=\skip67
\beforesecskip=\skip68
\aftersecskip=\skip69
\subsecindent=\skip70
\beforesubsecskip=\skip71
\aftersubsecskip=\skip72
\subsubsecindent=\skip73
\beforesubsubsecskip=\skip74
\aftersubsubsecskip=\skip75
\paraindent=\skip76
\beforeparaskip=\skip77
\afterparaskip=\skip78
\subparaindent=\skip79
\beforesubparaskip=\skip80
\aftersubparaskip=\skip81
\pfbreakskip=\skip82
\c@@ppsavesec=\count91
\c@@ppsaveapp=\count92
\ragrparindent=\dimen103
\everylistparindent=\dimen104
\parsepi=\skip83
\topsepi=\skip84
\itemsepi=\skip85
\parsepii=\skip86
\topsepii=\skip87
\topsepiii=\skip88
\itemsepii=\skip89
\itemsepiii=\skip90
\partopsepii=\skip91
\partopsepiii=\skip92
\m@msavetopsep=\skip93
\m@msavepartopsep=\skip94
\@enLab=\toks14
\abstitleskip=\skip95
\absleftindent=\skip96
\abs@leftindent=\dimen105
\absrightindent=\skip97
\absparindent=\skip98
\absparsep=\skip99
\c@vslineno=\count93
\c@poemline=\count94
\c@modulo@vs=\count95
\c@memfvsline=\count96
\vleftskip=\skip100
\vrightskip=\skip101
\stanzaskip=\skip102
\versewidth=\skip103
\vgap=\skip104
\vindent=\skip105
\vleftmargin=\dimen106
\c@verse=\count97
\c@chrsinstr=\count98
\beforepoemtitleskip=\skip106
\afterpoemtitleskip=\skip107
\c@poem=\count99
\beforePoemTitleskip=\skip108
\midPoemTitleskip=\skip109
\afterPoemTitleskip=\skip110
\col@sep=\dimen107
\extrarowheight=\dimen108
\NC@list=\toks15
\extratabsurround=\skip111
\backup@length=\skip112
\TX@col@width=\dimen109
\TX@old@table=\dimen110
\TX@old@col=\dimen111
\TX@target=\dimen112
\TX@delta=\dimen113
\TX@cols=\count100
\TX@ftn=\toks16
\heavyrulewidth=\dimen114
\lightrulewidth=\dimen115
\cmidrulewidth=\dimen116
\belowrulesep=\dimen117
\belowbottomsep=\dimen118
\aboverulesep=\dimen119
\abovetopsep=\dimen120
\cmidrulesep=\dimen121
\cmidrulekern=\dimen122
\defaultaddspace=\dimen123
\@cmidla=\count101
\@cmidlb=\count102
\@aboverulesep=\dimen124
\@belowrulesep=\dimen125
\@thisruleclass=\count103
\@lastruleclass=\count104
\@thisrulewidth=\dimen126
\ctableftskip=\skip113
\ctabrightskip=\skip114
\abovecolumnspenalty=\count105
\@linestogo=\count106
\@cellstogo=\count107
\@cellsincolumn=\count108
\crtok=\toks17
\@mincolumnwidth=\dimen127
\c@newflo@tctr=\count109
\mem@margin@floatbox=\box26
\@contcwidth=\skip115
\@contindw=\skip116
\abovecaptionskip=\skip117
\belowcaptionskip=\skip118
\subfloattopskip=\skip119
\subfloatcapskip=\skip120
\subfloatcaptopadj=\skip121
\subfloatbottomskip=\skip122
\subfloatlabelskip=\skip123
\subfloatcapmargin=\dimen128
\c@@contsubnum=\count110
\m@mscap@capbox=\box27
\m@mscap@fbox=\box28
\sidecapsep=\dimen129
\sidecapwidth=\dimen130
\m@m@tempdima=\dimen131
\m@mscapraise=\dimen132
\sidecapraise=\dimen133
\m@mscapmainwidth=\dimen134
\m@mscaplkern=\dimen135
\beforeepigraphskip=\skip124
\afterepigraphskip=\skip125
\epigraphwidth=\skip126
\epigraphrule=\skip127
LaTeX Info: Redefining \em on input line 7578.
LaTeX Info: Redefining \emph on input line 7586.
\tocentryskip=\skip128
\tocbaseline=\skip129
\cftparskip=\skip130
\cftbeforebookskip=\skip131
\cftbookindent=\dimen136
\cftbooknumwidth=\dimen137
\cftbeforepartskip=\skip132
\cftpartindent=\skip133
\cftpartnumwidth=\skip134
\cftbeforechapterskip=\skip135
\cftchapterindent=\skip136
\cftchapternumwidth=\skip137
\cftbeforesectionskip=\skip138
\cftsectionindent=\skip139
\cftsectionnumwidth=\skip140
\cftbeforesubsectionskip=\skip141
\cftsubsectionindent=\skip142
\cftsubsectionnumwidth=\skip143
\cftbeforesubsubsectionskip=\skip144
\cftsubsubsectionindent=\skip145
\cftsubsubsectionnumwidth=\skip146
\cftbeforeparagraphskip=\skip147
\cftparagraphindent=\skip148
\cftparagraphnumwidth=\skip149
\cftbeforesubparagraphskip=\skip150
\cftsubparagraphindent=\skip151
\cftsubparagraphnumwidth=\skip152
\prechapterprecisshift=\dimen138
\c@maxsecnumdepth=\count111
\bibindent=\dimen139
\bibitemsep=\skip153
\indexcolsep=\skip154
\indexrule=\skip155
\indexmarkstyle=\toks18
\@indexbox=\insert199
\glossarycolsep=\dimen140
\glossaryrule=\dimen141
\sideparvshift=\skip156
\sideins=\insert198
\sidebartopsep=\skip157
\sidebarhsep=\skip158
\sidebarvsep=\skip159
\sidebarwidth=\skip160
\footmarkwidth=\skip161
\footmarksep=\skip162
\footparindent=\skip163
\footinsdim=\skip164
\footinsv@r=\insert197
\@mpfootinsv@r=\insert196
\m@m@k=\count112
\m@m@h=\dimen142
\m@mipn@skip=\skip165
\sidefootins=\insert195
\sidefootadjust=\skip166
\sidefootheight=\skip167
\sidefoothsep=\skip168
\sidefootvsep=\skip169
\sidefootwidth=\skip170
\m@mdownsf=\skip171
\c@sidefootnote=\count113
\sidefootmarkwidth=\skip172
\sidefootmarksep=\skip173
\sidefootparindent=\skip174
\c@pagenote=\count114
\c@pagenoteshadow=\count115
\mem@pn@lastkern=\skip175
\every@verbatim=\toks19
\afterevery@verbatim=\toks20
\verbatim@line=\toks21
\tab@position=\count116
\verbatim@in@stream=\read1
\verbatimindent=\skip176
\verbatim@out=\write3
\bvboxsep=\skip177
\c@memfbvline=\count117
\c@bvlinectr=\count118
\bvnumlength=\skip178
\fb@frw=\dimen143
\fb@frh=\dimen144
\FrameRule=\dimen145
\FrameSep=\dimen146
\c@cp@cntr=\count119
LaTeX Info: Redefining \: on input line 12100.
LaTeX Info: Redefining \! on input line 12102.
\c@ism@mctr=\count120
\c@xsm@mctr=\count121
\c@csm@mctr=\count122
\c@ksm@mctr=\count123
\c@xksm@mctr=\count124
\c@cksm@mctr=\count125
\c@msm@mctr=\count126
\c@xmsm@mctr=\count127
\c@cmsm@mctr=\count128
\c@bsm@mctr=\count129
\c@workm@mctr=\count130
\c@sheetsequence=\count131
\c@lastsheet=\count132
\c@lastpage=\count133
\c@figure=\count134
\c@lofdepth=\count135
\cftbeforefigureskip=\skip179
\cftfigureindent=\skip180
\cftfigurenumwidth=\skip181
\c@table=\count136
\c@lotdepth=\count137
\cftbeforetableskip=\skip182
\cfttableindent=\skip183
\cfttablenumwidth=\skip184
Package abstract [2008/07/23] emulated by memoir.
Package appendix [2008/07/23] emulated by memoir.
Package array [2016/10/06] emulated by memoir.
Package booktabs [2016/05/16] emulated by memoir.
Package ccaption [2008/07/23] emulated by memoir.
Package changepage [2008/07/23] emulated by memoir.
Package chngcntr [2008/07/23] emulated by memoir.
Package chngpage [2008/07/23] emulated by memoir.
Package crop emulated by memoir.
Package dcolumn [2008/07/23] emulated by memoir.
Package delarray [2014/10/28] emulated by memoir.
Package enumerate [2008/07/23] emulated by memoir.
Package epigraph [2008/07/23] emulated by memoir.
Package ifmtarg [2008/07/23] emulated by memoir.
Package index [2008/07/23] emulated by memoir.
Package makeidx [2008/07/23] emulated by memoir.
Package moreverb [2008/07/23] emulated by memoir.
Package mparhack [2008/07/23] emulated by memoir.
Package needspace [2008/07/23] emulated by memoir.
Package newfile [2008/07/23] emulated by memoir.
Package nextpage [2008/07/23] emulated by memoir.
Package pagenote [2008/07/23] emulated by memoir.
Package parskip [2008/07/23] emulated by memoir.
Package patchcmd [2008/07/23] emulated by memoir.
Package setspace [2008/07/23] emulated by memoir.
Package shortvrb [2008/07/23] emulated by memoir.
Package showidx [2008/07/23] emulated by memoir.
Package tabularx [2016/02/03] emulated by memoir.
Package titleref [2008/07/23] emulated by memoir.
Package titling [2008/07/23] emulated by memoir.
Package tocbibind [2008/07/23] emulated by memoir.
Package tocloft [2008/07/23] emulated by memoir.
Package tocvsec2 [2008/07/23] emulated by memoir.
Package verbatim [2008/07/23] emulated by memoir.
Package verse [2008/07/23] emulated by memoir.
)
("C:\Users\Victor Hugo\AppData\Local\Programs\MiKTeX 2.9\tex\latex\textcase\tex
tcase.sty"
Package: textcase 2004/10/07 v0.07 Text only upper/lower case changing (DPC)
LaTeX Info: Redefining \MakeTextUppercase on input line 47.
LaTeX Info: Redefining \MakeTextLowercase on input line 50.
)
("C:\Users\Victor Hugo\AppData\Local\Programs\MiKTeX 2.9\tex\latex\hyperref\hyp
erref.sty"
Package: hyperref 2018/02/06 v6.86b Hypertext links for LaTeX

("C:\Users\Victor Hugo\AppData\Local\Programs\MiKTeX 2.9\tex\generic\oberdiek\h
obsub-hyperref.sty"
Package: hobsub-hyperref 2016/05/16 v1.14 Bundle oberdiek, subset hyperref (HO)


("C:\Users\Victor Hugo\AppData\Local\Programs\MiKTeX 2.9\tex\generic\oberdiek\h
obsub-generic.sty"
Package: hobsub-generic 2016/05/16 v1.14 Bundle oberdiek, subset generic (HO)
Package: hobsub 2016/05/16 v1.14 Construct package bundles (HO)
Package: infwarerr 2016/05/16 v1.4 Providing info/warning/error messages (HO)
Package: ltxcmds 2016/05/16 v1.23 LaTeX kernel commands for general use (HO)
Package hobsub Info: Skipping package `ifluatex' (already loaded).
Package: ifvtex 2016/05/16 v1.6 Detect VTeX and its facilities (HO)
Package ifvtex Info: VTeX not detected.
Package: intcalc 2016/05/16 v1.2 Expandable calculations with integers (HO)
Package hobsub Info: Skipping package `ifpdf' (already loaded).
Package: etexcmds 2016/05/16 v1.6 Avoid name clashes with e-TeX commands (HO)
Package etexcmds Info: Could not find \expanded.
(etexcmds)             That can mean that you are not using pdfTeX 1.50 or
(etexcmds)             that some package has redefined \expanded.
(etexcmds)             In the latter case, load this package earlier.
Package: kvsetkeys 2016/05/16 v1.17 Key value parser (HO)
Package: kvdefinekeys 2016/05/16 v1.4 Define keys (HO)
Package: pdftexcmds 2018/01/30 v0.27 Utility functions of pdfTeX for LuaTeX (HO
)
Package pdftexcmds Info: LuaTeX not detected.
Package pdftexcmds Info: \pdf@primitive is available.
Package pdftexcmds Info: \pdf@ifprimitive is available.
Package pdftexcmds Info: \pdfdraftmode found.
Package: pdfescape 2016/05/16 v1.14 Implements pdfTeX's escape features (HO)
Package: bigintcalc 2016/05/16 v1.4 Expandable calculations on big integers (HO
)
Package: bitset 2016/05/16 v1.2 Handle bit-vector datatype (HO)
Package: uniquecounter 2016/05/16 v1.3 Provide unlimited unique counter (HO)
)
Package hobsub Info: Skipping package `hobsub' (already loaded).
Package: letltxmacro 2016/05/16 v1.5 Let assignment for LaTeX macros (HO)
Package: hopatch 2016/05/16 v1.3 Wrapper for package hooks (HO)
Package: xcolor-patch 2016/05/16 xcolor patch
Package: atveryend 2016/05/16 v1.9 Hooks at the very end of document (HO)
Package atveryend Info: \enddocument detected (standard20110627).
Package: atbegshi 2016/06/09 v1.18 At begin shipout hook (HO)
Package: refcount 2016/05/16 v3.5 Data extraction from label references (HO)
Package: hycolor 2016/05/16 v1.8 Color options for hyperref/bookmark (HO)
)
("C:\Users\Victor Hugo\AppData\Local\Programs\MiKTeX 2.9\tex\latex\graphics\key
val.sty"
Package: keyval 2014/10/28 v1.15 key=value parser (DPC)
\KV@toks@=\toks22
)
("C:\Users\Victor Hugo\AppData\Local\Programs\MiKTeX 2.9\tex\latex\oberdiek\aux
hook.sty"
Package: auxhook 2016/05/16 v1.4 Hooks for auxiliary files (HO)
)
("C:\Users\Victor Hugo\AppData\Local\Programs\MiKTeX 2.9\tex\latex\oberdiek\kvo
ptions.sty"
Package: kvoptions 2016/05/16 v3.12 Key value format for package options (HO)
)
\@linkdim=\dimen147
\Hy@linkcounter=\count138
\Hy@pagecounter=\count139

("C:\Users\Victor Hugo\AppData\Local\Programs\MiKTeX 2.9\tex\latex\hyperref\pd1
enc.def"
File: pd1enc.def 2018/02/06 v6.86b Hyperref: PDFDocEncoding definition (HO)
Now handling font encoding PD1 ...
... no UTF-8 mapping file for font encoding PD1
)
\Hy@SavedSpaceFactor=\count140

("C:\Users\Victor Hugo\AppData\Local\Programs\MiKTeX 2.9\tex\latex\00miktex\hyp
erref.cfg"
File: hyperref.cfg 2002/06/06 v1.2 hyperref configuration of TeXLive
)
Package hyperref Info: Hyper figures OFF on input line 4509.
Package hyperref Info: Link nesting OFF on input line 4514.
Package hyperref Info: Hyper index ON on input line 4517.
Package hyperref Info: Plain pages OFF on input line 4524.
Package hyperref Info: Backreferencing OFF on input line 4529.
Package hyperref Info: Implicit mode ON; LaTeX internals redefined.
Package hyperref Info: Bookmarks ON on input line 4762.
\c@Hy@tempcnt=\count141

("C:\Users\Victor Hugo\AppData\Local\Programs\MiKTeX 2.9\tex\latex\url\url.sty"
\Urlmuskip=\muskip10
Package: url 2013/09/16  ver 3.4  Verb mode for urls, etc.
)
LaTeX Info: Redefining \url on input line 5115.
\XeTeXLinkMargin=\dimen148
\Fld@menulength=\count142
\Field@Width=\dimen149
\Fld@charsize=\dimen150
Package hyperref Info: Hyper figures OFF on input line 6369.
Package hyperref Info: Link nesting OFF on input line 6374.
Package hyperref Info: Hyper index ON on input line 6377.
Package hyperref Info: backreferencing OFF on input line 6384.
Package hyperref Info: Link coloring OFF on input line 6389.
Package hyperref Info: Link coloring with OCG OFF on input line 6394.
Package hyperref Info: PDF/A mode OFF on input line 6399.
LaTeX Info: Redefining \ref on input line 6439.
LaTeX Info: Redefining \pageref on input line 6443.
\Hy@abspage=\count143
\c@Item=\count144
\c@Hfootnote=\count145
)
("C:\Users\Victor Hugo\AppData\Local\Programs\MiKTeX 2.9\tex\latex\memoir\memhf
ixc.sty"
Package: memhfixc 2013/05/30 v1.17 nameref/hyperref package fixes for memoir cl
ass
\c@memhycontfloat=\count146
\c@Hpagenote=\count147
)
Package hyperref Info: Driver (autodetected): hpdftex.

("C:\Users\Victor Hugo\AppData\Local\Programs\MiKTeX 2.9\tex\latex\hyperref\hpd
ftex.def"
File: hpdftex.def 2018/02/06 v6.86b Hyperref driver for pdfTeX
\Fld@listcount=\count148
\c@bookmark@seq@number=\count149

("C:\Users\Victor Hugo\AppData\Local\Programs\MiKTeX 2.9\tex\latex\oberdiek\rer
unfilecheck.sty"
Package: rerunfilecheck 2016/05/16 v1.8 Rerun checks for auxiliary files (HO)
Package uniquecounter Info: New unique counter `rerunfilecheck' on input line 2
82.
)
\Hy@SectionHShift=\skip185
)
("C:\Users\Victor Hugo\AppData\Local\Programs\MiKTeX 2.9\tex\latex\oberdiek\boo
kmark.sty"
Package: bookmark 2016/05/17 v1.26 PDF bookmarks (HO)

("C:\Users\Victor Hugo\AppData\Local\Programs\MiKTeX 2.9\tex\latex\oberdiek\bkm
-pdftex.def"
File: bkm-pdftex.def 2016/05/17 v1.26 bookmark driver for pdfTeX (HO)
\BKM@id=\count150
))
("C:\Users\Victor Hugo\AppData\Local\Programs\MiKTeX 2.9\tex\generic\babel\babe
l.sty"
Package: babel 2018/06/05 3.22 The Babel package

("C:\Users\Victor Hugo\AppData\Local\Programs\MiKTeX 2.9\tex\generic\babel\swit
ch.def"
File: switch.def 2018/06/05 3.22 Babel switching mechanism
)
*************************************
* Local config file bblopts.cfg used
*

("C:\Users\Victor Hugo\AppData\Local\Programs\MiKTeX 2.9\tex\latex\arabi\bblopt
s.cfg"
File: bblopts.cfg 2005/09/08 v0.1 add Arabic and Farsi to "declared" options of
 babel
)
("C:\Users\Victor Hugo\AppData\Local\Programs\MiKTeX 2.9\tex\latex\babel-englis
h\english.ldf"
Language: english 2017/06/06 v3.3r English support from the babel system

("C:\Users\Victor Hugo\AppData\Local\Programs\MiKTeX 2.9\tex\generic\babel\babe
l.def"
File: babel.def 2018/06/05 3.22 Babel common definitions
\babel@savecnt=\count151
\U@D=\dimen151

("C:\Users\Victor Hugo\AppData\Local\Programs\MiKTeX 2.9\tex\generic\babel\txtb
abel.def")
\bbl@dirlevel=\count152
)
\l@canadian = a dialect from \language\l@american 
\l@australian = a dialect from \language\l@british 
\l@newzealand = a dialect from \language\l@british 
)
("C:\Users\Victor Hugo\AppData\Local\Programs\MiKTeX 2.9\tex\generic\babel-fren
ch\french.ldf"
Language: french 2018/07/17 v3.5b French support from the babel system
\l@acadian = a dialect from \language\l@french 
\FB@nonchar=\count153
Package babel Info: Making : an active character on input line 415.
Package babel Info: Making ; an active character on input line 416.
Package babel Info: Making ! an active character on input line 417.
Package babel Info: Making ? an active character on input line 418.
\FBguill@level=\count154
\FBold@everypar=\toks23
\FB@Mht=\dimen152
\mc@charclass=\count155
\mc@charfam=\count156
\mc@charslot=\count157
\std@mcc=\count158
\dec@mcc=\count159
\c@FBcaption@count=\count160
\listindentFB=\dimen153
\descindentFB=\dimen154
\labelindentFB=\dimen155
\labelwidthFB=\dimen156
\leftmarginFB=\dimen157
\parindentFFN=\dimen158
\FBfnindent=\dimen159
)
("C:\Users\Victor Hugo\AppData\Local\Programs\MiKTeX 2.9\tex\latex\babel-spanis
h\spanish.ldf"
Language: spanish.ldf 2016/03/03 v5.0p Spanish support from the babel system
\es@quottoks=\toks24
\es@quotdepth=\count161
Package babel Info: Making " an active character on input line 561.
Package babel Info: Making . an active character on input line 662.
Package babel Info: Making < an active character on input line 707.
Package babel Info: Making > an active character on input line 707.
)
("C:\Users\Victor Hugo\AppData\Local\Programs\MiKTeX 2.9\tex\latex\babel-portug
es\portuges.ldf"
Language: portuges 2008/03/18 v1.2q Portuguese support from the babel system
\l@brazil = a dialect from \language\l@portuges 
))
("C:\Users\Victor Hugo\AppData\Local\Programs\MiKTeX 2.9\tex\latex\carlisle\sca
lefnt.sty")
("C:\Users\Victor Hugo\AppData\Local\Programs\MiKTeX 2.9\tex\latex\enumitem\enu
mitem.sty"
Package: enumitem 2011/09/28 v3.5.2 Customized lists
\labelindent=\skip186
\enit@outerparindent=\dimen160
\enit@toks=\toks25
\enit@inbox=\box29
\enitdp@description=\count162
)
("C:\Users\Victor Hugo\AppData\Local\Programs\MiKTeX 2.9\tex\latex\tools\calc.s
ty"
Package: calc 2017/05/25 v4.3 Infix arithmetic (KKT,FJ)
\calc@Acount=\count163
\calc@Bcount=\count164
\calc@Adimen=\dimen161
\calc@Bdimen=\dimen162
\calc@Askip=\skip187
\calc@Bskip=\skip188
LaTeX Info: Redefining \setlength on input line 80.
LaTeX Info: Redefining \addtolength on input line 81.
\calc@Ccount=\count165
\calc@Cskip=\skip189
)

******************************************************
Stock height and width: 845.04684pt by 597.50787pt
Top and edge trims: 0pt and 0pt
Page height and width: 845.04684pt by 597.50787pt
Text height and width: 708pt by 455pt
Spine and edge margins: 85.35826pt and 56.9055pt
Upper and lower margins: 85.35826pt and 51.68858pt
Headheight and headsep: 14.5pt and 19.8738pt
Footskip: 30pt
Columnsep and columnseprule: 10pt and 0pt
Marginparsep and marginparwidth: 7pt and 42.9055pt
Sidecapsep and sidecapwidth: 7pt and 42pt
Sidebarhsep and sidebarwidth: 7pt and 42pt
Sidebarvsep and sidebartopsep: 14.5pt and 0pt
Sidebarheight: 590.14995pt
Sidefoothsep and sidefootwidth: 7pt and 42pt
Sidefootvsep and sidefootheight: 14.5pt and 590.14995pt
******************************************************

\c@abntex@bookmarkcounter=\count166
\cftlastnumwidth=\skip190
\chapternamenumlength=\skip191
\ABNTEXcitacaorecuo=\skip192
\c@alineasi=\count167
\c@alineasii=\count168
\enitdp@alineas=\count169
\c@subalineasi=\count170
\enitdp@subalineas=\count171
\c@incisosi=\count172
\enitdp@incisos=\count173
\ABNTEXsignwidth=\skip193
\ABNTEXsignthickness=\skip194
\ABNTEXsignskip=\skip256
)
("C:\Users\Victor Hugo\AppData\Local\Programs\MiKTeX 2.9\tex\latex\lm\lmodern.s
ty"
Package: lmodern 2009/10/30 v1.6 Latin Modern Fonts
LaTeX Font Info:    Overwriting symbol font `operators' in version `normal'
(Font)                  OT1/cmr/m/n --> OT1/lmr/m/n on input line 22.
LaTeX Font Info:    Overwriting symbol font `letters' in version `normal'
(Font)                  OML/cmm/m/it --> OML/lmm/m/it on input line 23.
LaTeX Font Info:    Overwriting symbol font `symbols' in version `normal'
(Font)                  OMS/cmsy/m/n --> OMS/lmsy/m/n on input line 24.
LaTeX Font Info:    Overwriting symbol font `largesymbols' in version `normal'
(Font)                  OMX/cmex/m/n --> OMX/lmex/m/n on input line 25.
LaTeX Font Info:    Overwriting symbol font `operators' in version `bold'
(Font)                  OT1/cmr/bx/n --> OT1/lmr/bx/n on input line 26.
LaTeX Font Info:    Overwriting symbol font `letters' in version `bold'
(Font)                  OML/cmm/b/it --> OML/lmm/b/it on input line 27.
LaTeX Font Info:    Overwriting symbol font `symbols' in version `bold'
(Font)                  OMS/cmsy/b/n --> OMS/lmsy/b/n on input line 28.
LaTeX Font Info:    Overwriting symbol font `largesymbols' in version `bold'
(Font)                  OMX/cmex/m/n --> OMX/lmex/m/n on input line 29.
LaTeX Font Info:    Overwriting math alphabet `\mathbf' in version `normal'
(Font)                  OT1/cmr/bx/n --> OT1/lmr/bx/n on input line 31.
LaTeX Font Info:    Overwriting math alphabet `\mathsf' in version `normal'
(Font)                  OT1/cmss/m/n --> OT1/lmss/m/n on input line 32.
LaTeX Font Info:    Overwriting math alphabet `\mathit' in version `normal'
(Font)                  OT1/cmr/m/it --> OT1/lmr/m/it on input line 33.
LaTeX Font Info:    Overwriting math alphabet `\mathtt' in version `normal'
(Font)                  OT1/cmtt/m/n --> OT1/lmtt/m/n on input line 34.
LaTeX Font Info:    Overwriting math alphabet `\mathbf' in version `bold'
(Font)                  OT1/cmr/bx/n --> OT1/lmr/bx/n on input line 35.
LaTeX Font Info:    Overwriting math alphabet `\mathsf' in version `bold'
(Font)                  OT1/cmss/bx/n --> OT1/lmss/bx/n on input line 36.
LaTeX Font Info:    Overwriting math alphabet `\mathit' in version `bold'
(Font)                  OT1/cmr/bx/it --> OT1/lmr/bx/it on input line 37.
LaTeX Font Info:    Overwriting math alphabet `\mathtt' in version `bold'
(Font)                  OT1/cmtt/m/n --> OT1/lmtt/m/n on input line 38.
)
("C:\Users\Victor Hugo\AppData\Local\Programs\MiKTeX 2.9\tex\latex\base\fontenc
.sty"
Package: fontenc 2017/04/05 v2.0i Standard LaTeX package

("C:\Users\Victor Hugo\AppData\Local\Programs\MiKTeX 2.9\tex\latex\base\t1enc.d
ef"
File: t1enc.def 2017/04/05 v2.0i Standard LaTeX file
LaTeX Font Info:    Redeclaring font encoding T1 on input line 48.
))
("C:\Users\Victor Hugo\AppData\Local\Programs\MiKTeX 2.9\tex\latex\base\inputen
c.sty"
Package: inputenc 2018/04/06 v1.3b Input encoding file
\inpenc@prehook=\toks26
\inpenc@posthook=\toks27
)
("C:\Users\Victor Hugo\AppData\Local\Programs\MiKTeX 2.9\tex\latex\lastpage\las
tpage.sty"
Package: lastpage 2015/03/29 v1.2m Refers to last page's name (HMM; JPG)
)
("C:\Users\Victor Hugo\AppData\Local\Programs\MiKTeX 2.9\tex\latex\tools\indent
first.sty"
Package: indentfirst 1995/11/23 v1.03 Indent first paragraph (DPC)
)
("C:\Users\Victor Hugo\AppData\Local\Programs\MiKTeX 2.9\tex\latex\graphics\col
or.sty"
Package: color 2016/07/10 v1.1e Standard LaTeX Color (DPC)

("C:\Users\Victor Hugo\AppData\Local\Programs\MiKTeX 2.9\tex\latex\graphics-cfg
\color.cfg"
File: color.cfg 2016/01/02 v1.6 sample color configuration
)
Package color Info: Driver file: pdftex.def on input line 147.

("C:\Users\Victor Hugo\AppData\Local\Programs\MiKTeX 2.9\tex\latex\graphics-def
\pdftex.def"
File: pdftex.def 2018/01/08 v1.0l Graphics/color driver for pdftex
))
("C:\Users\Victor Hugo\AppData\Local\Programs\MiKTeX 2.9\tex\latex\graphics\gra
phicx.sty"
Package: graphicx 2017/06/01 v1.1a Enhanced LaTeX Graphics (DPC,SPQR)

("C:\Users\Victor Hugo\AppData\Local\Programs\MiKTeX 2.9\tex\latex\graphics\gra
phics.sty"
Package: graphics 2017/06/25 v1.2c Standard LaTeX Graphics (DPC,SPQR)

("C:\Users\Victor Hugo\AppData\Local\Programs\MiKTeX 2.9\tex\latex\graphics\tri
g.sty"
Package: trig 2016/01/03 v1.10 sin cos tan (DPC)
)
("C:\Users\Victor Hugo\AppData\Local\Programs\MiKTeX 2.9\tex\latex\graphics-cfg
\graphics.cfg"
File: graphics.cfg 2016/06/04 v1.11 sample graphics configuration
)
Package graphics Info: Driver file: pdftex.def on input line 99.
)
\Gin@req@height=\dimen163
\Gin@req@width=\dimen164
)
("C:\Users\Victor Hugo\AppData\Local\Programs\MiKTeX 2.9\tex\latex\microtype\mi
crotype.sty"
Package: microtype 2018/01/14 v2.7a Micro-typographical refinements (RS)
\MT@toks=\toks28
\MT@count=\count174
LaTeX Info: Redefining \textls on input line 793.
\MT@outer@kern=\dimen165
LaTeX Info: Redefining \textmicrotypecontext on input line 1339.
\MT@listname@count=\count175

("C:\Users\Victor Hugo\AppData\Local\Programs\MiKTeX 2.9\tex\latex\microtype\mi
crotype-pdftex.def"
File: microtype-pdftex.def 2018/01/14 v2.7a Definitions specific to pdftex (RS)

LaTeX Info: Redefining \lsstyle on input line 913.
LaTeX Info: Redefining \lslig on input line 913.
\MT@outer@space=\skip257
)
Package microtype Info: Loading configuration file microtype.cfg.

("C:\Users\Victor Hugo\AppData\Local\Programs\MiKTeX 2.9\tex\latex\microtype\mi
crotype.cfg"
File: microtype.cfg 2018/01/14 v2.7a microtype main configuration file (RS)
))
("C:\Users\Victor Hugo\AppData\Local\Programs\MiKTeX 2.9\tex\latex\subfig\subfi
g.sty"
Package: subfig 2005/06/28 ver: 1.3 subfig package


Class memoir Warning: You are using the caption package with the memoir class. 
To prepare we will now reset all captioning macros and configurations to kernel
 defaults, and then let the caption package take over. Please remember to use
 the caption package interfaces in order to
 configure your captions.


("C:\Users\Victor Hugo\AppData\Local\Programs\MiKTeX 2.9\tex\latex\caption\capt
ion.sty"
Package: caption 2018/05/01 v3.3-147 Customizing captions (AR)

("C:\Users\Victor Hugo\AppData\Local\Programs\MiKTeX 2.9\tex\latex\caption\capt
ion3.sty"
Package: caption3 2018/05/27 v1.8a caption3 kernel (AR)
Package caption3 Info: TeX engine: e-TeX on input line 64.
\captionmargin=\dimen166
\captionmargin@=\dimen167
\captionwidth=\dimen168
\caption@tempdima=\dimen169
\caption@indent=\dimen170
\caption@parindent=\dimen171
\caption@hangindent=\dimen172
)
\c@ContinuedFloat=\count176
Package caption Info: hyperref package is loaded.
)
\c@KVtest=\count177
\sf@farskip=\skip258
\sf@captopadj=\dimen173
\sf@capskip=\skip259
\sf@nearskip=\skip260
\c@subfigure=\count178
\c@subfigure@save=\count179
\c@subtable=\count180
\c@subtable@save=\count181
\sf@top=\skip261
\sf@bottom=\skip262
)
("C:\Users\Victor Hugo\AppData\Local\Programs\MiKTeX 2.9\tex\latex\placeins\pla
ceins.sty"
Package: placeins 2005/04/18  v 2.2
)
("C:\Users\Victor Hugo\AppData\Local\Programs\MiKTeX 2.9\tex\latex\multirow\mul
tirow.sty"
Package: multirow 2018/08/03 v2.3 Span multiple rows of a table
\multirow@colwidth=\skip263
\multirow@cntb=\count182
\multirow@dima=\skip264
\bigstrutjot=\dimen174
)
("C:\Users\Victor Hugo\AppData\Local\Programs\MiKTeX 2.9\tex\latex\graphics\rot
ating.sty"
Package: rotating 2016/08/11 v2.16d rotated objects in LaTeX
\c@r@tfl@t=\count183
\rotFPtop=\skip265
\rotFPbot=\skip266
\rot@float@box=\box30
\rot@mess@toks=\toks29
)
("C:\Users\Victor Hugo\AppData\Local\Programs\MiKTeX 2.9\tex\latex\chemfig\chem
fig.sty"
("C:\Users\Victor Hugo\AppData\Local\Programs\MiKTeX 2.9\tex\latex\pgf\frontend
layer\tikz.sty"
("C:\Users\Victor Hugo\AppData\Local\Programs\MiKTeX 2.9\tex\latex\pgf\basiclay
er\pgf.sty"
("C:\Users\Victor Hugo\AppData\Local\Programs\MiKTeX 2.9\tex\latex\pgf\utilitie
s\pgfrcs.sty"
("C:\Users\Victor Hugo\AppData\Local\Programs\MiKTeX 2.9\tex\generic\pgf\utilit
ies\pgfutil-common.tex"
\pgfutil@everybye=\toks30
\pgfutil@tempdima=\dimen175
\pgfutil@tempdimb=\dimen176

("C:\Users\Victor Hugo\AppData\Local\Programs\MiKTeX 2.9\tex\generic\pgf\utilit
ies\pgfutil-common-lists.tex"))
("C:\Users\Victor Hugo\AppData\Local\Programs\MiKTeX 2.9\tex\generic\pgf\utilit
ies\pgfutil-latex.def"
\pgfutil@abb=\box31

("C:\Users\Victor Hugo\AppData\Local\Programs\MiKTeX 2.9\tex\latex\ms\everyshi.
sty"
Package: everyshi 2001/05/15 v3.00 EveryShipout Package (MS)
))
("C:\Users\Victor Hugo\AppData\Local\Programs\MiKTeX 2.9\tex\generic\pgf\utilit
ies\pgfrcs.code.tex"
Package: pgfrcs 2015/08/07 v3.0.1a (rcs-revision 1.31)
))
Package: pgf 2015/08/07 v3.0.1a (rcs-revision 1.15)

("C:\Users\Victor Hugo\AppData\Local\Programs\MiKTeX 2.9\tex\latex\pgf\basiclay
er\pgfcore.sty"
("C:\Users\Victor Hugo\AppData\Local\Programs\MiKTeX 2.9\tex\latex\pgf\systemla
yer\pgfsys.sty"
("C:\Users\Victor Hugo\AppData\Local\Programs\MiKTeX 2.9\tex\generic\pgf\system
layer\pgfsys.code.tex"
Package: pgfsys 2014/07/09 v3.0.1a (rcs-revision 1.48)

("C:\Users\Victor Hugo\AppData\Local\Programs\MiKTeX 2.9\tex\generic\pgf\utilit
ies\pgfkeys.code.tex"
\pgfkeys@pathtoks=\toks31
\pgfkeys@temptoks=\toks32

("C:\Users\Victor Hugo\AppData\Local\Programs\MiKTeX 2.9\tex\generic\pgf\utilit
ies\pgfkeysfiltered.code.tex"
\pgfkeys@tmptoks=\toks33
))
\pgf@x=\dimen177
\pgf@y=\dimen178
\pgf@xa=\dimen179
\pgf@ya=\dimen180
\pgf@xb=\dimen181
\pgf@yb=\dimen182
\pgf@xc=\dimen183
\pgf@yc=\dimen184
\w@pgf@writea=\write4
\r@pgf@reada=\read2
\c@pgf@counta=\count184
\c@pgf@countb=\count185
\c@pgf@countc=\count186
\c@pgf@countd=\count187
\t@pgf@toka=\toks34
\t@pgf@tokb=\toks35
\t@pgf@tokc=\toks36

("C:\Users\Victor Hugo\AppData\Local\Programs\MiKTeX 2.9\tex\generic\pgf\system
layer\pgf.cfg"
File: pgf.cfg 2008/05/14  (rcs-revision 1.7)
)
Driver file for pgf: pgfsys-pdftex.def

("C:\Users\Victor Hugo\AppData\Local\Programs\MiKTeX 2.9\tex\generic\pgf\system
layer\pgfsys-pdftex.def"
File: pgfsys-pdftex.def 2014/10/11  (rcs-revision 1.35)

("C:\Users\Victor Hugo\AppData\Local\Programs\MiKTeX 2.9\tex\generic\pgf\system
layer\pgfsys-common-pdf.def"
File: pgfsys-common-pdf.def 2013/10/10  (rcs-revision 1.13)
)))
("C:\Users\Victor Hugo\AppData\Local\Programs\MiKTeX 2.9\tex\generic\pgf\system
layer\pgfsyssoftpath.code.tex"
File: pgfsyssoftpath.code.tex 2013/09/09  (rcs-revision 1.9)
\pgfsyssoftpath@smallbuffer@items=\count188
\pgfsyssoftpath@bigbuffer@items=\count189
)
("C:\Users\Victor Hugo\AppData\Local\Programs\MiKTeX 2.9\tex\generic\pgf\system
layer\pgfsysprotocol.code.tex"
File: pgfsysprotocol.code.tex 2006/10/16  (rcs-revision 1.4)
))
("C:\Users\Victor Hugo\AppData\Local\Programs\MiKTeX 2.9\tex\latex\xcolor\xcolo
r.sty"
Package: xcolor 2016/05/11 v2.12 LaTeX color extensions (UK)

("C:\Users\Victor Hugo\AppData\Local\Programs\MiKTeX 2.9\tex\latex\graphics-cfg
\color.cfg"
File: color.cfg 2016/01/02 v1.6 sample color configuration
)
Package xcolor Info: Driver file: pdftex.def on input line 225.
LaTeX Info: Redefining \color on input line 709.
Package xcolor Info: Model `cmy' substituted by `cmy0' on input line 1348.
Package xcolor Info: Model `hsb' substituted by `rgb' on input line 1352.
Package xcolor Info: Model `RGB' extended on input line 1364.
Package xcolor Info: Model `HTML' substituted by `rgb' on input line 1366.
Package xcolor Info: Model `Hsb' substituted by `hsb' on input line 1367.
Package xcolor Info: Model `tHsb' substituted by `hsb' on input line 1368.
Package xcolor Info: Model `HSB' substituted by `hsb' on input line 1369.
Package xcolor Info: Model `Gray' substituted by `gray' on input line 1370.
Package xcolor Info: Model `wave' substituted by `hsb' on input line 1371.
)
("C:\Users\Victor Hugo\AppData\Local\Programs\MiKTeX 2.9\tex\generic\pgf\basicl
ayer\pgfcore.code.tex"
Package: pgfcore 2010/04/11 v3.0.1a (rcs-revision 1.7)

("C:\Users\Victor Hugo\AppData\Local\Programs\MiKTeX 2.9\tex\generic\pgf\math\p
gfmath.code.tex"
("C:\Users\Victor Hugo\AppData\Local\Programs\MiKTeX 2.9\tex\generic\pgf\math\p
gfmathcalc.code.tex"
("C:\Users\Victor Hugo\AppData\Local\Programs\MiKTeX 2.9\tex\generic\pgf\math\p
gfmathutil.code.tex")
("C:\Users\Victor Hugo\AppData\Local\Programs\MiKTeX 2.9\tex\generic\pgf\math\p
gfmathparser.code.tex"
\pgfmath@dimen=\dimen185
\pgfmath@count=\count190
\pgfmath@box=\box32
\pgfmath@toks=\toks37
\pgfmath@stack@operand=\toks38
\pgfmath@stack@operation=\toks39
)
("C:\Users\Victor Hugo\AppData\Local\Programs\MiKTeX 2.9\tex\generic\pgf\math\p
gfmathfunctions.code.tex"
("C:\Users\Victor Hugo\AppData\Local\Programs\MiKTeX 2.9\tex\generic\pgf\math\p
gfmathfunctions.basic.code.tex")
("C:\Users\Victor Hugo\AppData\Local\Programs\MiKTeX 2.9\tex\generic\pgf\math\p
gfmathfunctions.trigonometric.code.tex")
("C:\Users\Victor Hugo\AppData\Local\Programs\MiKTeX 2.9\tex\generic\pgf\math\p
gfmathfunctions.random.code.tex")
("C:\Users\Victor Hugo\AppData\Local\Programs\MiKTeX 2.9\tex\generic\pgf\math\p
gfmathfunctions.comparison.code.tex")
("C:\Users\Victor Hugo\AppData\Local\Programs\MiKTeX 2.9\tex\generic\pgf\math\p
gfmathfunctions.base.code.tex")
("C:\Users\Victor Hugo\AppData\Local\Programs\MiKTeX 2.9\tex\generic\pgf\math\p
gfmathfunctions.round.code.tex")
("C:\Users\Victor Hugo\AppData\Local\Programs\MiKTeX 2.9\tex\generic\pgf\math\p
gfmathfunctions.misc.code.tex")
("C:\Users\Victor Hugo\AppData\Local\Programs\MiKTeX 2.9\tex\generic\pgf\math\p
gfmathfunctions.integerarithmetics.code.tex")))
("C:\Users\Victor Hugo\AppData\Local\Programs\MiKTeX 2.9\tex\generic\pgf\math\p
gfmathfloat.code.tex"
\c@pgfmathroundto@lastzeros=\count191
))
("C:\Users\Victor Hugo\AppData\Local\Programs\MiKTeX 2.9\tex\generic\pgf\basicl
ayer\pgfcorepoints.code.tex"
File: pgfcorepoints.code.tex 2013/10/07  (rcs-revision 1.27)
\pgf@picminx=\dimen186
\pgf@picmaxx=\dimen187
\pgf@picminy=\dimen188
\pgf@picmaxy=\dimen189
\pgf@pathminx=\dimen190
\pgf@pathmaxx=\dimen191
\pgf@pathminy=\dimen192
\pgf@pathmaxy=\dimen193
\pgf@xx=\dimen194
\pgf@xy=\dimen256
\pgf@yx=\dimen257
\pgf@yy=\dimen258
\pgf@zx=\dimen259
\pgf@zy=\dimen260
)
("C:\Users\Victor Hugo\AppData\Local\Programs\MiKTeX 2.9\tex\generic\pgf\basicl
ayer\pgfcorepathconstruct.code.tex"
File: pgfcorepathconstruct.code.tex 2013/10/07  (rcs-revision 1.29)
\pgf@path@lastx=\dimen261
\pgf@path@lasty=\dimen262
)
("C:\Users\Victor Hugo\AppData\Local\Programs\MiKTeX 2.9\tex\generic\pgf\basicl
ayer\pgfcorepathusage.code.tex"
File: pgfcorepathusage.code.tex 2014/11/02  (rcs-revision 1.24)
\pgf@shorten@end@additional=\dimen263
\pgf@shorten@start@additional=\dimen264
)
("C:\Users\Victor Hugo\AppData\Local\Programs\MiKTeX 2.9\tex\generic\pgf\basicl
ayer\pgfcorescopes.code.tex"
File: pgfcorescopes.code.tex 2015/05/08  (rcs-revision 1.46)
\pgfpic=\box33
\pgf@hbox=\box34
\pgf@layerbox@main=\box35
\pgf@picture@serial@count=\count192
)
("C:\Users\Victor Hugo\AppData\Local\Programs\MiKTeX 2.9\tex\generic\pgf\basicl
ayer\pgfcoregraphicstate.code.tex"
File: pgfcoregraphicstate.code.tex 2014/11/02  (rcs-revision 1.12)
\pgflinewidth=\dimen265
)
("C:\Users\Victor Hugo\AppData\Local\Programs\MiKTeX 2.9\tex\generic\pgf\basicl
ayer\pgfcoretransformations.code.tex"
File: pgfcoretransformations.code.tex 2015/08/07  (rcs-revision 1.20)
\pgf@pt@x=\dimen266
\pgf@pt@y=\dimen267
\pgf@pt@temp=\dimen268
)
("C:\Users\Victor Hugo\AppData\Local\Programs\MiKTeX 2.9\tex\generic\pgf\basicl
ayer\pgfcorequick.code.tex"
File: pgfcorequick.code.tex 2008/10/09  (rcs-revision 1.3)
)
("C:\Users\Victor Hugo\AppData\Local\Programs\MiKTeX 2.9\tex\generic\pgf\basicl
ayer\pgfcoreobjects.code.tex"
File: pgfcoreobjects.code.tex 2006/10/11  (rcs-revision 1.2)
)
("C:\Users\Victor Hugo\AppData\Local\Programs\MiKTeX 2.9\tex\generic\pgf\basicl
ayer\pgfcorepathprocessing.code.tex"
File: pgfcorepathprocessing.code.tex 2013/09/09  (rcs-revision 1.9)
)
("C:\Users\Victor Hugo\AppData\Local\Programs\MiKTeX 2.9\tex\generic\pgf\basicl
ayer\pgfcorearrows.code.tex"
File: pgfcorearrows.code.tex 2015/05/14  (rcs-revision 1.43)
\pgfarrowsep=\dimen269
)
("C:\Users\Victor Hugo\AppData\Local\Programs\MiKTeX 2.9\tex\generic\pgf\basicl
ayer\pgfcoreshade.code.tex"
File: pgfcoreshade.code.tex 2013/07/15  (rcs-revision 1.15)
\pgf@max=\dimen270
\pgf@sys@shading@range@num=\count193
)
("C:\Users\Victor Hugo\AppData\Local\Programs\MiKTeX 2.9\tex\generic\pgf\basicl
ayer\pgfcoreimage.code.tex"
File: pgfcoreimage.code.tex 2013/07/15  (rcs-revision 1.18)

("C:\Users\Victor Hugo\AppData\Local\Programs\MiKTeX 2.9\tex\generic\pgf\basicl
ayer\pgfcoreexternal.code.tex"
File: pgfcoreexternal.code.tex 2014/07/09  (rcs-revision 1.21)
\pgfexternal@startupbox=\box36
))
("C:\Users\Victor Hugo\AppData\Local\Programs\MiKTeX 2.9\tex\generic\pgf\basicl
ayer\pgfcorelayers.code.tex"
File: pgfcorelayers.code.tex 2013/07/18  (rcs-revision 1.7)
)
("C:\Users\Victor Hugo\AppData\Local\Programs\MiKTeX 2.9\tex\generic\pgf\basicl
ayer\pgfcoretransparency.code.tex"
File: pgfcoretransparency.code.tex 2013/09/30  (rcs-revision 1.5)
)
("C:\Users\Victor Hugo\AppData\Local\Programs\MiKTeX 2.9\tex\generic\pgf\basicl
ayer\pgfcorepatterns.code.tex"
File: pgfcorepatterns.code.tex 2013/11/07  (rcs-revision 1.5)
)))
("C:\Users\Victor Hugo\AppData\Local\Programs\MiKTeX 2.9\tex\generic\pgf\module
s\pgfmoduleshapes.code.tex"
File: pgfmoduleshapes.code.tex 2014/03/21  (rcs-revision 1.35)
\pgfnodeparttextbox=\box37
)
("C:\Users\Victor Hugo\AppData\Local\Programs\MiKTeX 2.9\tex\generic\pgf\module
s\pgfmoduleplot.code.tex"
File: pgfmoduleplot.code.tex 2015/08/03  (rcs-revision 1.13)
)
("C:\Users\Victor Hugo\AppData\Local\Programs\MiKTeX 2.9\tex\latex\pgf\compatib
ility\pgfcomp-version-0-65.sty"
Package: pgfcomp-version-0-65 2007/07/03 v3.0.1a (rcs-revision 1.7)
\pgf@nodesepstart=\dimen271
\pgf@nodesepend=\dimen272
)
("C:\Users\Victor Hugo\AppData\Local\Programs\MiKTeX 2.9\tex\latex\pgf\compatib
ility\pgfcomp-version-1-18.sty"
Package: pgfcomp-version-1-18 2007/07/23 v3.0.1a (rcs-revision 1.1)
))
("C:\Users\Victor Hugo\AppData\Local\Programs\MiKTeX 2.9\tex\latex\pgf\utilitie
s\pgffor.sty"
("C:\Users\Victor Hugo\AppData\Local\Programs\MiKTeX 2.9\tex\latex\pgf\utilitie
s\pgfkeys.sty"
("C:\Users\Victor Hugo\AppData\Local\Programs\MiKTeX 2.9\tex\generic\pgf\utilit
ies\pgfkeys.code.tex"))
("C:\Users\Victor Hugo\AppData\Local\Programs\MiKTeX 2.9\tex\latex\pgf\math\pgf
math.sty"
("C:\Users\Victor Hugo\AppData\Local\Programs\MiKTeX 2.9\tex\generic\pgf\math\p
gfmath.code.tex"))
("C:\Users\Victor Hugo\AppData\Local\Programs\MiKTeX 2.9\tex\generic\pgf\utilit
ies\pgffor.code.tex"
Package: pgffor 2013/12/13 v3.0.1a (rcs-revision 1.25)

("C:\Users\Victor Hugo\AppData\Local\Programs\MiKTeX 2.9\tex\generic\pgf\math\p
gfmath.code.tex")
\pgffor@iter=\dimen273
\pgffor@skip=\dimen274
\pgffor@stack=\toks40
\pgffor@toks=\toks41
))
("C:\Users\Victor Hugo\AppData\Local\Programs\MiKTeX 2.9\tex\generic\pgf\fronte
ndlayer\tikz\tikz.code.tex"
Package: tikz 2015/08/07 v3.0.1a (rcs-revision 1.151)

("C:\Users\Victor Hugo\AppData\Local\Programs\MiKTeX 2.9\tex\generic\pgf\librar
ies\pgflibraryplothandlers.code.tex"
File: pgflibraryplothandlers.code.tex 2013/08/31 v3.0.1a (rcs-revision 1.20)
\pgf@plot@mark@count=\count194
\pgfplotmarksize=\dimen275
)
\tikz@lastx=\dimen276
\tikz@lasty=\dimen277
\tikz@lastxsaved=\dimen278
\tikz@lastysaved=\dimen279
\tikzleveldistance=\dimen280
\tikzsiblingdistance=\dimen281
\tikz@figbox=\box38
\tikz@figbox@bg=\box39
\tikz@tempbox=\box40
\tikz@tempbox@bg=\box41
\tikztreelevel=\count266
\tikznumberofchildren=\count267
\tikznumberofcurrentchild=\count268
\tikz@fig@count=\count269

("C:\Users\Victor Hugo\AppData\Local\Programs\MiKTeX 2.9\tex\generic\pgf\module
s\pgfmodulematrix.code.tex"
File: pgfmodulematrix.code.tex 2013/09/17  (rcs-revision 1.8)
\pgfmatrixcurrentrow=\count270
\pgfmatrixcurrentcolumn=\count271
\pgf@matrix@numberofcolumns=\count272
)
\tikz@expandcount=\count273

("C:\Users\Victor Hugo\AppData\Local\Programs\MiKTeX 2.9\tex\generic\pgf\fronte
ndlayer\tikz\libraries\tikzlibrarytopaths.code.tex"
File: tikzlibrarytopaths.code.tex 2008/06/17 v3.0.1a (rcs-revision 1.2)
)))
("C:\Users\Victor Hugo\AppData\Local\Programs\MiKTeX 2.9\tex\generic\chemfig\ch
emfig.tex"
("C:\Users\Victor Hugo\AppData\Local\Programs\MiKTeX 2.9\tex\generic\simplekv\s
implekv.tex")
("C:\Users\Victor Hugo\AppData\Local\Programs\MiKTeX 2.9\tex\generic\pgf\librar
ies\pgflibraryarrows.meta.code.tex"
File: pgflibraryarrows.meta.code.tex 2015/05/13 v3.0.1a (rcs-revision 1.13)
\pgfarrowinset=\dimen282
\pgfarrowlength=\dimen283
\pgfarrowwidth=\dimen284
\pgfarrowlinewidth=\dimen285
)
\CF@cnt@atomingroup=\count274
\CF@cnt@groupnumber=\count275
\CF@cnt@atomnumber=\count276
\CF@cnt@cycle=\count277
\CF@compound@cnt=\count278
\CF@dim=\dimen286
\CF@arrow@size=\dimen287
\CF@lewis@box=\box42
\CF@box@boxa=\box43
\CF@stuff@box=\box44
)
Package: chemfig 2018/08/23 v1.32 Draw molecule with an easy syntax (CT)
)
("C:\Users\Victor Hugo\AppData\Local\Programs\MiKTeX 2.9\tex\latex\amsmath\amsm
ath.sty"
Package: amsmath 2017/09/02 v2.17a AMS math features
\@mathmargin=\skip267

For additional information on amsmath, use the `?' option.

("C:\Users\Victor Hugo\AppData\Local\Programs\MiKTeX 2.9\tex\latex\amsmath\amst
ext.sty"
Package: amstext 2000/06/29 v2.01 AMS text

("C:\Users\Victor Hugo\AppData\Local\Programs\MiKTeX 2.9\tex\latex\amsmath\amsg
en.sty"
File: amsgen.sty 1999/11/30 v2.0 generic functions
\@emptytoks=\toks42
\ex@=\dimen288
))
("C:\Users\Victor Hugo\AppData\Local\Programs\MiKTeX 2.9\tex\latex\amsmath\amsb
sy.sty"
Package: amsbsy 1999/11/29 v1.2d Bold Symbols
\pmbraise@=\dimen289
)
("C:\Users\Victor Hugo\AppData\Local\Programs\MiKTeX 2.9\tex\latex\amsmath\amso
pn.sty"
Package: amsopn 2016/03/08 v2.02 operator names
)
\inf@bad=\count279
LaTeX Info: Redefining \frac on input line 213.
\uproot@=\count280
\leftroot@=\count281
LaTeX Info: Redefining \overline on input line 375.
\classnum@=\count282
\DOTSCASE@=\count283
LaTeX Info: Redefining \ldots on input line 472.
LaTeX Info: Redefining \dots on input line 475.
LaTeX Info: Redefining \cdots on input line 596.
\Mathstrutbox@=\box45
\strutbox@=\box46
\big@size=\dimen290
LaTeX Font Info:    Redeclaring font encoding OML on input line 712.
LaTeX Font Info:    Redeclaring font encoding OMS on input line 713.
\macc@depth=\count284
\c@MaxMatrixCols=\count285
\dotsspace@=\muskip11
\c@parentequation=\count286
\dspbrk@lvl=\count287
\tag@help=\toks43
\row@=\count288
\column@=\count289
\maxfields@=\count290
\andhelp@=\toks44
\eqnshift@=\dimen291
\alignsep@=\dimen292
\tagshift@=\dimen293
\tagwidth@=\dimen294
\totwidth@=\dimen295
\lineht@=\dimen296
\@envbody=\toks45
\multlinegap=\skip268
\multlinetaggap=\skip269
\mathdisplay@stack=\toks46
LaTeX Info: Redefining \[ on input line 2817.
LaTeX Info: Redefining \] on input line 2818.
)
("C:\Users\Victor Hugo\AppData\Local\Programs\MiKTeX 2.9\tex\latex\amsfonts\ams
symb.sty"
Package: amssymb 2013/01/14 v3.01 AMS font symbols

("C:\Users\Victor Hugo\AppData\Local\Programs\MiKTeX 2.9\tex\latex\amsfonts\ams
fonts.sty"
Package: amsfonts 2013/01/14 v3.01 Basic AMSFonts support
\symAMSa=\mathgroup4
\symAMSb=\mathgroup5
LaTeX Font Info:    Overwriting math alphabet `\mathfrak' in version `bold'
(Font)                  U/euf/m/n --> U/euf/b/n on input line 106.
))
("C:\Users\Victor Hugo\AppData\Local\Programs\MiKTeX 2.9\tex\latex\bigints\bigi
nts.sty"
Package: bigints 2010/02/15 Writing big integrals
Package bigints Info: This is Bigints by Merciadri Luca. on input line 5.
)
("C:\Users\Victor Hugo\AppData\Local\Programs\MiKTeX 2.9\tex\latex\listings\lis
tings.sty"
\lst@mode=\count291
\lst@gtempboxa=\box47
\lst@token=\toks47
\lst@length=\count292
\lst@currlwidth=\dimen297
\lst@column=\count293
\lst@pos=\count294
\lst@lostspace=\dimen298
\lst@width=\dimen299
\lst@newlines=\count295
\lst@lineno=\count296
\lst@maxwidth=\dimen300

("C:\Users\Victor Hugo\AppData\Local\Programs\MiKTeX 2.9\tex\latex\listings\lst
misc.sty"
File: lstmisc.sty 2018/09/02 1.7 (Carsten Heinz)
\c@lstnumber=\count297
\lst@skipnumbers=\count298
\lst@framebox=\box48
)
("C:\Users\Victor Hugo\AppData\Local\Programs\MiKTeX 2.9\tex\latex\listings\lis
tings.cfg"
File: listings.cfg 2018/09/02 1.7 listings configuration
))
Package: listings 2018/09/02 1.7 (Carsten Heinz)

("C:\Users\Victor Hugo\AppData\Local\Programs\MiKTeX 2.9\tex\latex\etoolbox\eto
olbox.sty"
Package: etoolbox 2018/08/19 v2.5f e-TeX tools for LaTeX (JAW)
\etb@tempcnta=\count299
)
("C:\Users\Victor Hugo\AppData\Local\Programs\MiKTeX 2.9\tex\latex\xwatermark\x
watermark.sty"
("C:\Users\Victor Hugo\AppData\Local\Programs\MiKTeX 2.9\tex\latex\catoptions\c
atoptions.sty"
\m@one=\count300
\z@pt=\dimen301
Package: catoptions 2014/08/29 v0.2.7h Securing catcodes and parsing options (A
M)
\cpt@csvdepth=\count301
\cpt@optdepth=\count302
\cpt@cnta=\count303
\indrisdepth=\count304
\cpt@foreachdepth=\count305
\cpt@exprcnt=\count306
)
Package: xwatermark 2012/10/23 v1.5.2d A dynamic watermarking scheme (Ahmed Mus
a)

("C:\Users\Victor Hugo\AppData\Local\Programs\MiKTeX 2.9\tex\latex\base\fix-cm.
sty"
Package: fix-cm 2015/01/14 v1.1t fixes to LaTeX

("C:\Users\Victor Hugo\AppData\Local\Programs\MiKTeX 2.9\tex\latex\base\ts1enc.
def"
File: ts1enc.def 2001/06/05 v3.0e (jk/car/fm) Standard LaTeX file
Now handling font encoding TS1 ...
... processing UTF-8 mapping file for font encoding TS1

("C:\Users\Victor Hugo\AppData\Local\Programs\MiKTeX 2.9\tex\latex\base\ts1enc.
dfu"
File: ts1enc.dfu 2018/04/05 v1.2c UTF-8 support for inputenc
   defining Unicode char U+00A2 (decimal 162)
   defining Unicode char U+00A3 (decimal 163)
   defining Unicode char U+00A4 (decimal 164)
   defining Unicode char U+00A5 (decimal 165)
   defining Unicode char U+00A6 (decimal 166)
   defining Unicode char U+00A7 (decimal 167)
   defining Unicode char U+00A8 (decimal 168)
   defining Unicode char U+00A9 (decimal 169)
   defining Unicode char U+00AA (decimal 170)
   defining Unicode char U+00AC (decimal 172)
   defining Unicode char U+00AE (decimal 174)
   defining Unicode char U+00AF (decimal 175)
   defining Unicode char U+00B0 (decimal 176)
   defining Unicode char U+00B1 (decimal 177)
   defining Unicode char U+00B2 (decimal 178)
   defining Unicode char U+00B3 (decimal 179)
   defining Unicode char U+00B4 (decimal 180)
   defining Unicode char U+00B5 (decimal 181)
   defining Unicode char U+00B6 (decimal 182)
   defining Unicode char U+00B7 (decimal 183)
   defining Unicode char U+00B9 (decimal 185)
   defining Unicode char U+00BA (decimal 186)
   defining Unicode char U+00BC (decimal 188)
   defining Unicode char U+00BD (decimal 189)
   defining Unicode char U+00BE (decimal 190)
   defining Unicode char U+00D7 (decimal 215)
   defining Unicode char U+00F7 (decimal 247)
   defining Unicode char U+0192 (decimal 402)
   defining Unicode char U+02C7 (decimal 711)
   defining Unicode char U+02D8 (decimal 728)
   defining Unicode char U+02DD (decimal 733)
   defining Unicode char U+0E3F (decimal 3647)
   defining Unicode char U+2016 (decimal 8214)
   defining Unicode char U+2020 (decimal 8224)
   defining Unicode char U+2021 (decimal 8225)
   defining Unicode char U+2022 (decimal 8226)
   defining Unicode char U+2030 (decimal 8240)
   defining Unicode char U+2031 (decimal 8241)
   defining Unicode char U+203B (decimal 8251)
   defining Unicode char U+203D (decimal 8253)
   defining Unicode char U+2044 (decimal 8260)
   defining Unicode char U+204E (decimal 8270)
   defining Unicode char U+2052 (decimal 8274)
   defining Unicode char U+20A1 (decimal 8353)
   defining Unicode char U+20A4 (decimal 8356)
   defining Unicode char U+20A6 (decimal 8358)
   defining Unicode char U+20A9 (decimal 8361)
   defining Unicode char U+20AB (decimal 8363)
   defining Unicode char U+20AC (decimal 8364)
   defining Unicode char U+20B1 (decimal 8369)
   defining Unicode char U+2103 (decimal 8451)
   defining Unicode char U+2116 (decimal 8470)
   defining Unicode char U+2117 (decimal 8471)
   defining Unicode char U+211E (decimal 8478)
   defining Unicode char U+2120 (decimal 8480)
   defining Unicode char U+2122 (decimal 8482)
   defining Unicode char U+2126 (decimal 8486)
   defining Unicode char U+2127 (decimal 8487)
   defining Unicode char U+212E (decimal 8494)
   defining Unicode char U+2190 (decimal 8592)
   defining Unicode char U+2191 (decimal 8593)
   defining Unicode char U+2192 (decimal 8594)
   defining Unicode char U+2193 (decimal 8595)
   defining Unicode char U+2329 (decimal 9001)
   defining Unicode char U+232A (decimal 9002)
   defining Unicode char U+2422 (decimal 9250)
   defining Unicode char U+25E6 (decimal 9702)
   defining Unicode char U+25EF (decimal 9711)
   defining Unicode char U+266A (decimal 9834)
   defining Unicode char U+FEFF (decimal 65279)
)))
("C:\Users\Victor Hugo\AppData\Local\Programs\MiKTeX 2.9\tex\latex\oberdiek\pic
ture.sty"
Package: picture 2016/05/16 v1.4 Dimens for picture macros (HO)
Package picture Info: Calculation method: calc.
)
("C:\Users\Victor Hugo\AppData\Local\Programs\MiKTeX 2.9\tex\latex\fancyhdr\fan
cyhdr.sty"
Package: fancyhdr 2017/06/30 v3.9a Extensive control of page headers and footer
s
\f@nch@headwidth=\skip270
\f@nch@O@elh=\skip271
\f@nch@O@erh=\skip272
\f@nch@O@olh=\skip273
\f@nch@O@orh=\skip274
\f@nch@O@elf=\skip275
\f@nch@O@erf=\skip276
\f@nch@O@olf=\skip277
\f@nch@O@orf=\skip278
)
("C:\Users\Victor Hugo\AppData\Local\Programs\MiKTeX 2.9\tex\latex\ltxkeys\ltxk
eys.sty"
Package: ltxkeys 2012/11/17 v0.0.3c A robust key-value parser (AM) (Ahmed Musa)

\ltxkeys@csvdepth=\count307
\ltxkeys@keydepth=\count308
)
("C:\Users\Victor Hugo\AppData\Local\Programs\MiKTeX 2.9\tex\latex\framed\frame
d.sty"
Package: framed 2011/10/22 v 0.96: framed or shaded text with page breaks
\OuterFrameSep=\skip279
\fb@frw=\dimen302
\fb@frh=\dimen303
)
\AtBeginShipoutBox=\box49
\xwm@boxa=\box50
\xwm@boxb=\box51
\xwm@cnta=\count309
\xwm@wrt=\write5
 (Template_-_Monografia_-_IFSP_-_SBV.xwm)
\openout5 = `Template_-_Monografia_-_IFSP_-_SBV.xwm'.

)
("C:\Users\Victor Hugo\AppData\Local\Programs\MiKTeX 2.9\tex\latex\lipsum\lipsu
m.sty"
Package: lipsum 2014/07/27 v1.3 150 paragraphs of Lorem Ipsum dummy text
\c@lips@count=\count310
)
("C:\Users\Victor Hugo\AppData\Local\Programs\MiKTeX 2.9\tex\latex\hyperref\bac
kref.sty"
Package: backref 2016/05/21 v1.39 Bibliographical back referencing
)
("C:\Users\Victor Hugo\AppData\Local\Programs\MiKTeX 2.9\tex\latex\abntex2\abnt
ex2cite.sty"
Package: abntex2cite 2016/02/26 v-1.9.6 abnTeX2

("C:\Users\Victor Hugo\AppData\Local\Programs\MiKTeX 2.9\tex\latex\abntex2\abnt
ex2abrev.sty")
\minimumbiblabelwidth=\skip280
\ABCIauxlen=\skip281
\c@ABCIaux=\count311
\c@ABCImax=\count312

("C:\Users\Victor Hugo\AppData\Local\Programs\MiKTeX 2.9\tex\latex\relsize\rels
ize.sty"
Package: relsize 2013/03/29 ver 4.1
)
\biblabelsep=\skip282
LaTeX Info: Redefining \newblock on input line 591.
LaTeX Info: Redefining \cite on input line 618.
\ABCItoken=\toks48
)
Package hyperref Info: Option `colorlinks' set `true' on input line 231.
\c@quadro=\count313
\c@loqdepth=\count314
\cftbeforequadroskip=\skip283
\cftquadroindent=\skip284
\cftquadronumwidth=\skip285
\Template_-_Monografia_-_IFSP_-_SBV@idxfile=\write6
\openout6 = `Template_-_Monografia_-_IFSP_-_SBV.idx'.


Writing index file Template_-_Monografia_-_IFSP_-_SBV.idx 

LaTeX Warning: Unused global option(s):
    [normalfigtabnum].

(Template_-_Monografia_-_IFSP_-_SBV.aux)
\openout1 = `Template_-_Monografia_-_IFSP_-_SBV.aux'.

LaTeX Font Info:    Checking defaults for OML/cmm/m/it on input line 291.
LaTeX Font Info:    ... okay on input line 291.
LaTeX Font Info:    Checking defaults for T1/cmr/m/n on input line 291.
LaTeX Font Info:    ... okay on input line 291.
LaTeX Font Info:    Checking defaults for OT1/cmr/m/n on input line 291.
LaTeX Font Info:    ... okay on input line 291.
LaTeX Font Info:    Checking defaults for OMS/cmsy/m/n on input line 291.
LaTeX Font Info:    ... okay on input line 291.
LaTeX Font Info:    Checking defaults for OMX/cmex/m/n on input line 291.
LaTeX Font Info:    ... okay on input line 291.
LaTeX Font Info:    Checking defaults for U/cmr/m/n on input line 291.
LaTeX Font Info:    ... okay on input line 291.
LaTeX Font Info:    Checking defaults for PD1/pdf/m/n on input line 291.
LaTeX Font Info:    ... okay on input line 291.
LaTeX Font Info:    Checking defaults for TS1/cmr/m/n on input line 291.
LaTeX Font Info:    ... okay on input line 291.
LaTeX Font Info:    Try loading font information for T1+lmr on input line 291.

("C:\Users\Victor Hugo\AppData\Local\Programs\MiKTeX 2.9\tex\latex\lm\t1lmr.fd"
File: t1lmr.fd 2009/10/30 v1.6 Font defs for Latin Modern
)
Package hyperref Info: Link coloring ON on input line 291.

("C:\Users\Victor Hugo\AppData\Local\Programs\MiKTeX 2.9\tex\latex\hyperref\nam
eref.sty"
Package: nameref 2016/05/21 v2.44 Cross-referencing by name of section

("C:\Users\Victor Hugo\AppData\Local\Programs\MiKTeX 2.9\tex\generic\oberdiek\g
ettitlestring.sty"
Package: gettitlestring 2016/05/16 v1.5 Cleanup title references (HO)
)
\c@section@level=\count315
)
Redoing nameref's sectioning
Redoing nameref's label
LaTeX Info: Redefining \nameref on input line 291.
LaTeX Info: Redefining \ref on input line 291.
LaTeX Info: Redefining \pageref on input line 291.
LaTeX Info: Redefining \nameref on input line 291.
LaTeX Info: Redefining \degres on input line 291.
LaTeX Info: Redefining \dots on input line 291.
LaTeX Info: Redefining \up on input line 291.
\myptabbox=\box52
\myptabboxwidth=\skip286
Package lastpage Info: Please have a look at the pageslts package at
(lastpage)             https://www.ctan.org/pkg/pageslts
(lastpage)             ! on input line 291.

("C:\Users\Victor Hugo\AppData\Local\Programs\MiKTeX 2.9\tex\context\base\supp-
pdf.mkii"
[Loading MPS to PDF converter (version 2006.09.02).]
\scratchcounter=\count316
\scratchdimen=\dimen304
\scratchbox=\box53
\nofMPsegments=\count317
\nofMParguments=\count318
\everyMPshowfont=\toks49
\MPscratchCnt=\count319
\MPscratchDim=\dimen305
\MPnumerator=\count320
\makeMPintoPDFobject=\count321
\everyMPtoPDFconversion=\toks50
)
("C:\Users\Victor Hugo\AppData\Local\Programs\MiKTeX 2.9\tex\latex\oberdiek\eps
topdf-base.sty"
Package: epstopdf-base 2016/05/15 v2.6 Base part for package epstopdf

("C:\Users\Victor Hugo\AppData\Local\Programs\MiKTeX 2.9\tex\latex\oberdiek\grf
ext.sty"
Package: grfext 2016/05/16 v1.2 Manage graphics extensions (HO)
)
Package epstopdf-base Info: Redefining graphics rule for `.eps' on input line 4
38.
Package grfext Info: Graphics extension search list:
(grfext)             [.pdf,.png,.jpg,.mps,.jpeg,.jbig2,.jb2,.PDF,.PNG,.JPG,.JPE
G,.JBIG2,.JB2,.eps]
(grfext)             \AppendGraphicsExtensions on input line 456.
)
LaTeX Info: Redefining \microtypecontext on input line 291.
Package microtype Info: Generating PDF output.
Package microtype Info: Character protrusion enabled (level 2).
Package microtype Info: Using default protrusion set `alltext'.
Package microtype Info: Automatic font expansion enabled (level 2),
(microtype)             stretch: 20, shrink: 20, step: 1, non-selected.
Package microtype Info: Using default expansion set `basictext'.
Package microtype Info: No adjustment of tracking.
Package microtype Info: No adjustment of interword spacing.
Package microtype Info: No adjustment of character kerning.

("C:\Users\Victor Hugo\AppData\Local\Programs\MiKTeX 2.9\tex\latex\microtype\mt
-cmr.cfg"
File: mt-cmr.cfg 2013/05/19 v2.2 microtype config. file: Computer Modern Roman 
(RS)
)
Package caption Info: Begin \AtBeginDocument code.
Package caption Info: subfig package v1.3 is loaded.
Package caption Info: listings package is loaded.
Package caption Info: rotating package is loaded.
Package caption Info: End \AtBeginDocument code.
 ABD: EveryShipout initializing macros
\c@lstlisting=\count322
 (pre01Capa.tex
LaTeX Font Info:    Try loading font information for T1+lmss on input line 6.

("C:\Users\Victor Hugo\AppData\Local\Programs\MiKTeX 2.9\tex\latex\lm\t1lmss.fd
"
File: t1lmss.fd 2009/10/30 v1.6 Font defs for Latin Modern
)
Package microtype Info: Loading generic protrusion settings for font family
(microtype)             `lmss' (encoding: T1).
(microtype)             For optimal results, create family-specific settings.
(microtype)             See the microtype manual for details.


LaTeX Font Warning: Font shape `T1/lmss/m/sc' in size <17.28> not available
(Font)              Font shape `T1/lmr/m/sc' tried instead on input line 6.

Package microtype Info: Character `029' is missing
(microtype)             in font `T1/lmr/m/sc/17.28'.
(microtype)             Ignoring protrusion settings for this character.

LaTeX Font Warning: Font shape `T1/lmss/m/sc' in size <20.74> not available
(Font)              Font shape `T1/lmr/m/sc' tried instead on input line 12.

Package microtype Info: Character `029' is missing
(microtype)             in font `T1/lmr/m/sc/20.74'.
(microtype)             Ignoring protrusion settings for this character.
[1

{C:/Users/Victor Hugo/AppData/Local/MiKTeX/2.9/pdftex/config/pdftex.map}])
(pre02FolhaDeRosto.tex
Underfull \hbox (badness 4872) in paragraph at lines 14--15
[]\T1/lmss/m/n/14.4 (+20) Trabalho de Con-clu-so de Curso
 []


Underfull \hbox (badness 10000) in paragraph at lines 14--15

 []


Underfull \hbox (badness 10000) in paragraph at lines 14--15

 []


Underfull \hbox (badness 10000) in paragraph at lines 14--15

 []


Underfull \hbox (badness 10000) in paragraph at lines 14--15

 []

LaTeX Font Info:    Try loading font information for OT1+lmr on input line 26.
("C:\Users\Victor Hugo\AppData\Local\Programs\MiKTeX 2.9\tex\latex\lm\ot1lmr.fd
"
File: ot1lmr.fd 2009/10/30 v1.6 Font defs for Latin Modern
)
LaTeX Font Info:    Try loading font information for OML+lmm on input line 26.

("C:\Users\Victor Hugo\AppData\Local\Programs\MiKTeX 2.9\tex\latex\lm\omllmm.fd
"
File: omllmm.fd 2009/10/30 v1.6 Font defs for Latin Modern
)
LaTeX Font Info:    Try loading font information for OMS+lmsy on input line 26.


("C:\Users\Victor Hugo\AppData\Local\Programs\MiKTeX 2.9\tex\latex\lm\omslmsy.f
d"
File: omslmsy.fd 2009/10/30 v1.6 Font defs for Latin Modern
)
LaTeX Font Info:    Try loading font information for OMX+lmex on input line 26.


("C:\Users\Victor Hugo\AppData\Local\Programs\MiKTeX 2.9\tex\latex\lm\omxlmex.f
d"
File: omxlmex.fd 2009/10/30 v1.6 Font defs for Latin Modern
)
LaTeX Font Info:    External font `lmex10' loaded for size
(Font)              <20.74> on input line 26.
LaTeX Font Info:    External font `lmex10' loaded for size
(Font)              <14.4> on input line 26.
LaTeX Font Info:    External font `lmex10' loaded for size
(Font)              <12> on input line 26.
LaTeX Font Info:    Try loading font information for U+msa on input line 26.

("C:\Users\Victor Hugo\AppData\Local\Programs\MiKTeX 2.9\tex\latex\amsfonts\ums
a.fd"
File: umsa.fd 2013/01/14 v3.01 AMS symbols A
)
("C:\Users\Victor Hugo\AppData\Local\Programs\MiKTeX 2.9\tex\latex\microtype\mt
-msa.cfg"
File: mt-msa.cfg 2006/02/04 v1.1 microtype config. file: AMS symbols (a) (RS)
)
LaTeX Font Info:    Try loading font information for U+msb on input line 26.

("C:\Users\Victor Hugo\AppData\Local\Programs\MiKTeX 2.9\tex\latex\amsfonts\ums
b.fd"
File: umsb.fd 2013/01/14 v3.01 AMS symbols B
)
("C:\Users\Victor Hugo\AppData\Local\Programs\MiKTeX 2.9\tex\latex\microtype\mt
-msb.cfg"
File: mt-msb.cfg 2005/06/01 v1.0 microtype config. file: AMS symbols (b) (RS)
)) (pre03FichaCatalografica.tex [2

]
Underfull \hbox (badness 10000) in paragraph at lines 49--49

 []


Underfull \hbox (badness 10000) in paragraph at lines 49--49

 []


Overfull \hbox (16.6597pt too wide) in paragraph at lines 49--49
[]  [] 
 []


Underfull \hbox (badness 10000) in paragraph at lines 49--49

 []

LaTeX Font Info:    External font `lmex10' loaded for size
(Font)              <10> on input line 49.
LaTeX Font Info:    External font `lmex10' loaded for size
(Font)              <7> on input line 49.
LaTeX Font Info:    External font `lmex10' loaded for size
(Font)              <5> on input line 49.
) (pre04FolhaDeAprovacao.tex [3]

LaTeX Font Warning: Font shape `T1/lmss/m/sc' in size <14.4> not available
(Font)              Font shape `T1/lmr/m/sc' tried instead on input line 12.

Package microtype Info: Character `029' is missing
(microtype)             in font `T1/lmr/m/sc/14.4'.
(microtype)             Ignoring protrusion settings for this character.

Underfull \hbox (badness 10000) in paragraph at lines 24--25

 []


Underfull \hbox (badness 10000) in paragraph at lines 24--25

 []


Underfull \hbox (badness 10000) in paragraph at lines 24--25

 []


Underfull \hbox (badness 10000) in paragraph at lines 24--25

 []

LaTeX Font Info:    External font `lmex10' loaded for size
(Font)              <8> on input line 25.
LaTeX Font Info:    External font `lmex10' loaded for size
(Font)              <6> on input line 25.
LaTeX Font Info:    Try loading font information for T1+bch on input line 43.

("C:\Users\Victor Hugo\AppData\Local\Programs\MiKTeX 2.9\tex\latex\psnfss\t1bch
.fd"
File: t1bch.fd 2004/10/18 font definitions for T1/bch.
)
("C:\Users\Victor Hugo\AppData\Local\Programs\MiKTeX 2.9\tex\latex\microtype\mt
-bch.cfg"
File: mt-bch.cfg 2007/03/03 v1.5 microtype config. file: Bitstream Charter (RS)

) [4

]) (pre05Dedicatoria.tex [5

]) (pre06Agradecimentos.tex [6


])
(pre07Epigrafe.tex
LaTeX Font Info:    External font `lmex10' loaded for size
(Font)              <10.95> on input line 7.
 [7

]) (pre08Resumo.tex [8

]) (pre09Abstract.tex [9

])
(Template_-_Monografia_-_IFSP_-_SBV.lof
Overfull \hbox (1.00226pt too wide) in paragraph at lines 11--11
 [][] [][][]\T1/lmr/m/n/12 (-20) Exemplos de Ar-dui-nos Uno. Fonte: [][]$<[]htt
ps : / / www . arduino . cc / en / Guide / 
 []

) [10

] (Template_-_Monografia_-_IFSP_-_SBV.lot) [11

]
(Template_-_Monografia_-_IFSP_-_SBV.loq) [12

] (pre10ListaSiglas.tex [13


])
(pre11ListaSimbolos.tex [14


]) (Template_-_Monografia_-_IFSP_-_SBV.toc) [15

]
(capitulo01Introducao.tex [16


]
LaTeX Font Info:    Try loading font information for OMS+lmr on input line 25.

("C:\Users\Victor Hugo\AppData\Local\Programs\MiKTeX 2.9\tex\latex\lm\omslmr.fd
"
File: omslmr.fd 2009/10/30 v1.6 Font defs for Latin Modern
)
LaTeX Font Info:    Font shape `OMS/lmr/m/n' in size <12> not available
(Font)              Font shape `OMS/lmsy/m/n' tried instead on input line 25.
) (capitulo02RevisaoLiteratura.tex [17]
<imagens/Temp_IPCC.jpg, id=217, 445.9059pt x 162.1257pt>
File: imagens/Temp_IPCC.jpg Graphic file (type jpg)
<use imagens/Temp_IPCC.jpg>
Package pdftex.def Info: imagens/Temp_IPCC.jpg  used on input line 12.
(pdftex.def)             Requested size: 445.90482pt x 162.1253pt.
<imagens/wind_solar.jpg, id=221, 228.9616pt x 174.5992pt>
File: imagens/wind_solar.jpg Graphic file (type jpg)
<use imagens/wind_solar.jpg>
Package pdftex.def Info: imagens/wind_solar.jpg  used on input line 29.
(pdftex.def)             Requested size: 343.44154pt x 261.89815pt.
 [18

 <./imagens/Temp_IPCC.jpg>]
<imagens/FontesEnergia.png, id=235, 346.896pt x 148.75575pt>
File: imagens/FontesEnergia.png Graphic file (type png)
<use imagens/FontesEnergia.png>
Package pdftex.def Info: imagens/FontesEnergia.png  used on input line 47.
(pdftex.def)             Requested size: 346.89514pt x 148.75537pt.

[19 <./imagens/wind_solar.jpg> <./imagens/FontesEnergia.png>]
<imagens/IV_Gao.png, id=256, 278.54062pt x 201.00093pt>
File: imagens/IV_Gao.png Graphic file (type png)
<use imagens/IV_Gao.png>
Package pdftex.def Info: imagens/IV_Gao.png  used on input line 65.
(pdftex.def)             Requested size: 362.10275pt x 261.30116pt.
 [20 <./imagens/IV_Gao.png>] [21]
<imagens/Temp_BRESSAN.jpg, id=282, 319.86702pt x 141.79375pt>
File: imagens/Temp_BRESSAN.jpg Graphic file (type jpg)
<use imagens/Temp_BRESSAN.jpg>
Package pdftex.def Info: imagens/Temp_BRESSAN.jpg  used on input line 96.
(pdftex.def)             Requested size: 415.82706pt x 184.33182pt.
<imagens/IxV_schill.jpg, id=290, 205.82497pt x 164.48653pt>
File: imagens/IxV_schill.jpg Graphic file (type jpg)
<use imagens/IxV_schill.jpg>
Package pdftex.def Info: imagens/IxV_schill.jpg  used on input line 112.
(pdftex.def)             Requested size: 308.73666pt x 246.72917pt.
 [22 <./imagens/Temp_BRESSAN.jpg>]
<imagens/IxV_Temp.jpg, id=302, 810.77907pt x 599.99156pt>
File: imagens/IxV_Temp.jpg Graphic file (type jpg)
<use imagens/IxV_Temp.jpg>
Package pdftex.def Info: imagens/IxV_Temp.jpg  used on input line 128.
(pdftex.def)             Requested size: 243.2356pt x 179.99886pt.
 [23 <./imagens/IxV_schill.jpg> <./imagens/IxV_Temp.jpg>]
<imagens/MOSFET_LOAD.jpg, id=319, 237.27583pt x 178.43655pt>
File: imagens/MOSFET_LOAD.jpg Graphic file (type jpg)
<use imagens/MOSFET_LOAD.jpg>
Package pdftex.def Info: imagens/MOSFET_LOAD.jpg  used on input line 144.
(pdftex.def)             Requested size: 237.27524pt x 178.43611pt.
<imagens/exemploQuadro.png, id=326, 465.74pt x 243.91125pt>
File: imagens/exemploQuadro.png Graphic file (type png)
<use imagens/exemploQuadro.png>
Package pdftex.def Info: imagens/exemploQuadro.png  used on input line 183.
(pdftex.def)             Requested size: 326.01578pt x 170.7367pt.
 [24 <./imagens/MOSFET_LOAD.jpg>]
("C:\Users\Victor Hugo\AppData\Local\Programs\MiKTeX 2.9\tex\latex\listings\lst
lang1.sty"
File: lstlang1.sty 2018/09/02 1.7 listings language file
)
Package hyperref Info: bookmark level for unknown lstlisting defaults to 0 on i
nput line 200.
LaTeX Font Info:    Try loading font information for T1+lmtt on input line 200.


("C:\Users\Victor Hugo\AppData\Local\Programs\MiKTeX 2.9\tex\latex\lm\t1lmtt.fd
"
File: t1lmtt.fd 2009/10/30 v1.6 Font defs for Latin Modern
)
Package microtype Info: Loading generic protrusion settings for font family
(microtype)             `lmtt' (encoding: T1).
(microtype)             For optimal results, create family-specific settings.
(microtype)             See the microtype manual for details.
 (fontes/ClasseExemplo.java) [25 <./imagens/exemploQuadro.png>] [26]

LaTeX Warning: Citation `Agaisse1995' on page 27 undefined on input line 262.


LaTeX Warning: Citation `Abedi2014' on page 27 undefined on input line 263.


LaTeX Warning: Citation `BtNomenclature2016' on page 27 undefined on input line
 264.


LaTeX Warning: Citation `Agaisse1995' on page 27 undefined on input line 268.


LaTeX Warning: Citation `Abedi2014' on page 27 undefined on input line 268.


LaTeX Warning: Citation `Nelson2014' on page 27 undefined on input line 269.


LaTeX Warning: Citation `BtNomenclature2016' on page 27 undefined on input line
 269.


LaTeX Warning: Citation `AgapitoTenfen2014' on page 27 undefined on input line 
269.


LaTeX Warning: Citation `Nelson2014' on page 27 undefined on input line 283.


LaTeX Warning: Citation `Agaisse1995' on page 27 undefined on input line 289.

) (capitulo03Metodologia.tex [27]
<imagens/Uno.png, id=384, 575.90157pt x 380.17032pt>
File: imagens/Uno.png Graphic file (type png)
<use imagens/Uno.png>
Package pdftex.def Info: imagens/Uno.png  used on input line 15.
(pdftex.def)             Requested size: 403.12834pt x 266.1174pt.
 [28

 <./imagens/Uno.png>]
<imagens/ADS.png, id=394, 567.62062pt x 283.81032pt>
File: imagens/ADS.png Graphic file (type png)
<use imagens/ADS.png>
Package pdftex.def Info: imagens/ADS.png  used on input line 70.
(pdftex.def)             Requested size: 397.33171pt x 198.66586pt.
 [29])
(capitulo04ResultadosDiscussao.tex [30 <./imagens/ADS.png>])
(capitulo05Conclusoes.tex [31

]
Underfull \hbox (badness 10000) in paragraph at lines 1--1
[]\T1/lmss/m/n/24.88 CONCLUSES/CONCLUSES PAR-CI-
 []

) (capitulo06Cronograma.tex [32

]) (Template_-_Monografia_-_IFSP_-_SBV.bbl
(Template_-_Monografia_-_IFSP_-_SBV.brf)
\tf@brf=\write7
\openout7 = `Template_-_Monografia_-_IFSP_-_SBV.brf'.

 [33

]

Package hyperref Warning: Token not allowed in a PDF string (PDFDocEncoding):
(hyperref)                removing `\uppercase' on input line 3.

bibitemlist
) (pos01Apendices.tex [34

]

Package hyperref Warning: Token not allowed in a PDF string (PDFDocEncoding):
(hyperref)                removing `\uppercase' on input line 10.

[35


] [36

]) (pos02Anexos.tex [37

]

Package hyperref Warning: Token not allowed in a PDF string (PDFDocEncoding):
(hyperref)                removing `\uppercase' on input line 10.

[38


] [39

]) 
AED: lastpage setting LastPage
[40

]

Package catoptions Warning: Undefined options 
(catoptions)                [Family, Option, Value]: 
(catoptions)                abntex2cite.sty,abnt-emphasize,bf. 
(catoptions)                Default action already taken in each case .

\tf@lof=\write8
\openout8 = `Template_-_Monografia_-_IFSP_-_SBV.lof'.

\tf@lot=\write9
\openout9 = `Template_-_Monografia_-_IFSP_-_SBV.lot'.

\tf@loq=\write10
\openout10 = `Template_-_Monografia_-_IFSP_-_SBV.loq'.

\tf@toc=\write11
\openout11 = `Template_-_Monografia_-_IFSP_-_SBV.toc'.

Package atveryend Info: Empty hook `BeforeClearDocument' on input line 463.
Package atveryend Info: Executing hook `AfterLastShipout' on input line 463.
(Template_-_Monografia_-_IFSP_-_SBV.xwm)
(Template_-_Monografia_-_IFSP_-_SBV.aux)
Package atveryend Info: Executing hook `AtVeryEndDocument' on input line 463.
Package atveryend Info: Executing hook `AtEndAfterFileList' on input line 463.
Package rerunfilecheck Info: File `Template_-_Monografia_-_IFSP_-_SBV.brf' has 
not changed.
(rerunfilecheck)             Checksum: A9A3D1AE850FF05BA8908CA3018E2811;3935.


LaTeX Warning: There were undefined references.


LaTeX Warning: Label(s) may have changed. Rerun to get cross-references right.

Package atveryend Info: Empty hook `AtVeryVeryEnd' on input line 463.
 ) 
Here is how much of TeX's memory you used:
 33681 strings out of 492973
 599718 string characters out of 3124032
 1084556 words of memory out of 3000000
 36605 multiletter control sequences out of 15000+200000
 127996 words of font info for 176 fonts, out of 3000000 for 9000
 1141 hyphenation exceptions out of 8191
 70i,13n,67p,1095b,1234s stack positions out of 5000i,500n,10000p,200000b,50000s
{C:/Users/Victor Hugo/AppData/Local/Programs/MiKTeX 2.9/fonts/enc/dvips/lm/lm
-ec.enc}{C:/Users/Victor Hugo/AppData/Local/Programs/MiKTeX 2.9/fonts/enc/dvips
/lm/lm-rm.enc}{C:/Users/Victor Hugo/AppData/Local/Programs/MiKTeX 2.9/fonts/enc
/dvips/lm/lm-mathit.enc}{C:/Users/Victor Hugo/AppData/Local/Programs/MiKTeX 2.9
/fonts/enc/dvips/lm/lm-mathex.enc}{C:/Users/Victor Hugo/AppData/Local/Programs/
MiKTeX 2.9/fonts/enc/dvips/lm/lm-mathsy.enc}{C:/Users/Victor Hugo/AppData/Local
/Programs/MiKTeX 2.9/fonts/enc/dvips/base/8r.enc}<C:/Users/Victor Hugo/AppData/
Local/Programs/MiKTeX 2.9/fonts/type1/bitstrea/charter/bchb8a.pfb><C:/Users/Vic
tor Hugo/AppData/Local/Programs/MiKTeX 2.9/fonts/type1/public/lm/lmbx10.pfb><C:
/Users/Victor Hugo/AppData/Local/Programs/MiKTeX 2.9/fonts/type1/public/lm/lmbx
12.pfb><C:/Users/Victor Hugo/AppData/Local/Programs/MiKTeX 2.9/fonts/type1/publ
ic/lm/lmbxi10.pfb><C:/Users/Victor Hugo/AppData/Local/Programs/MiKTeX 2.9/fonts
/type1/public/lm/lmcsc10.pfb><C:/Users/Victor Hugo/AppData/Local/Programs/MiKTe
X 2.9/fonts/type1/public/lm/lmex10.pfb><C:/Users/Victor Hugo/AppData/Local/Prog
rams/MiKTeX 2.9/fonts/type1/public/lm/lmmi10.pfb><C:/Users/Victor Hugo/AppData/
Local/Programs/MiKTeX 2.9/fonts/type1/public/lm/lmmi12.pfb><C:/Users/Victor Hug
o/AppData/Local/Programs/MiKTeX 2.9/fonts/type1/public/lm/lmmi8.pfb><C:/Users/V
ictor Hugo/AppData/Local/Programs/MiKTeX 2.9/fonts/type1/public/lm/lmr10.pfb><C
:/Users/Victor Hugo/AppData/Local/Programs/MiKTeX 2.9/fonts/type1/public/lm/lmr
12.pfb><C:/Users/Victor Hugo/AppData/Local/Programs/MiKTeX 2.9/fonts/type1/publ
ic/lm/lmr7.pfb><C:/Users/Victor Hugo/AppData/Local/Programs/MiKTeX 2.9/fonts/ty
pe1/public/lm/lmr8.pfb><C:/Users/Victor Hugo/AppData/Local/Programs/MiKTeX 2.9/
fonts/type1/public/lm/lmri10.pfb><C:/Users/Victor Hugo/AppData/Local/Programs/M
iKTeX 2.9/fonts/type1/public/lm/lmri12.pfb><C:/Users/Victor Hugo/AppData/Local/
Programs/MiKTeX 2.9/fonts/type1/public/lm/lmss10.pfb><C:/Users/Victor Hugo/AppD
ata/Local/Programs/MiKTeX 2.9/fonts/type1/public/lm/lmss12.pfb><C:/Users/Victor
 Hugo/AppData/Local/Programs/MiKTeX 2.9/fonts/type1/public/lm/lmss17.pfb><C:/Us
ers/Victor Hugo/AppData/Local/Programs/MiKTeX 2.9/fonts/type1/public/lm/lmssbx1
0.pfb><C:/Users/Victor Hugo/AppData/Local/Programs/MiKTeX 2.9/fonts/type1/publi
c/lm/lmsy10.pfb><C:/Users/Victor Hugo/AppData/Local/Programs/MiKTeX 2.9/fonts/t
ype1/public/lm/lmtt10.pfb><C:/Users/Victor Hugo/AppData/Local/Programs/MiKTeX 2
.9/fonts/type1/public/lm/lmtt12.pfb>
Output written on Template_-_Monografia_-_IFSP_-_SBV.pdf (40 pages, 2484574 byt
es).
PDF statistics:
 681 PDF objects out of 1000 (max. 8388607)
 135 named destinations out of 1000 (max. 500000)
 43332 words of extra memory for PDF output out of 51595 (max. 10000000)

